{"D:\\IDE\\WebStorm 2023.2.1\\projects\\MeetHub\\app.js": {"path":"D:\\IDE\\WebStorm 2023.2.1\\projects\\MeetHub\\app.js","statementMap":{"0":{"start":{"line":16,"column":0},"end":{"line":16,"column":47}},"1":{"start":{"line":17,"column":16},"end":{"line":20,"column":1}},"2":{"start":{"line":23,"column":12},"end":{"line":23,"column":21}},"3":{"start":{"line":24,"column":18},"end":{"line":24,"column":42}},"4":{"start":{"line":25,"column":17},"end":{"line":25,"column":39}},"5":{"start":{"line":26,"column":17},"end":{"line":26,"column":49}},"6":{"start":{"line":27,"column":11},"end":{"line":32,"column":2}},"7":{"start":{"line":33,"column":24},"end":{"line":39,"column":1}},"8":{"start":{"line":34,"column":4},"end":{"line":38,"column":5}},"9":{"start":{"line":35,"column":8},"end":{"line":35,"column":15}},"10":{"start":{"line":37,"column":8},"end":{"line":37,"column":71}},"11":{"start":{"line":41,"column":0},"end":{"line":44,"column":3}},"12":{"start":{"line":42,"column":4},"end":{"line":42,"column":51}},"13":{"start":{"line":43,"column":4},"end":{"line":43,"column":11}},"14":{"start":{"line":46,"column":16},"end":{"line":46,"column":18}},"15":{"start":{"line":48,"column":0},"end":{"line":67,"column":3}},"16":{"start":{"line":49,"column":4},"end":{"line":49,"column":42}},"17":{"start":{"line":51,"column":4},"end":{"line":55,"column":7}},"18":{"start":{"line":52,"column":8},"end":{"line":52,"column":60}},"19":{"start":{"line":53,"column":8},"end":{"line":53,"column":28}},"20":{"start":{"line":54,"column":8},"end":{"line":54,"column":33}},"21":{"start":{"line":57,"column":4},"end":{"line":62,"column":7}},"22":{"start":{"line":57,"column":56},"end":{"line":57,"column":119}},"23":{"start":{"line":58,"column":8},"end":{"line":58,"column":82}},"24":{"start":{"line":59,"column":8},"end":{"line":61,"column":9}},"25":{"start":{"line":60,"column":12},"end":{"line":60,"column":58}},"26":{"start":{"line":64,"column":4},"end":{"line":66,"column":7}},"27":{"start":{"line":65,"column":8},"end":{"line":65,"column":45}},"28":{"start":{"line":69,"column":0},"end":{"line":71,"column":4}},"29":{"start":{"line":73,"column":0},"end":{"line":73,"column":25}},"30":{"start":{"line":74,"column":0},"end":{"line":74,"column":29}},"31":{"start":{"line":75,"column":0},"end":{"line":75,"column":23}},"32":{"start":{"line":76,"column":0},"end":{"line":76,"column":94}},"33":{"start":{"line":77,"column":0},"end":{"line":77,"column":31}},"34":{"start":{"line":78,"column":0},"end":{"line":78,"column":24}},"35":{"start":{"line":80,"column":15},"end":{"line":81,"column":2}},"36":{"start":{"line":83,"column":0},"end":{"line":83,"column":30}}},"fnMap":{"0":{"name":"(anonymous_0)","decl":{"start":{"line":33,"column":24},"end":{"line":33,"column":25}},"loc":{"start":{"line":33,"column":44},"end":{"line":39,"column":1}},"line":33},"1":{"name":"(anonymous_1)","decl":{"start":{"line":41,"column":8},"end":{"line":41,"column":9}},"loc":{"start":{"line":41,"column":28},"end":{"line":44,"column":1}},"line":41},"2":{"name":"(anonymous_2)","decl":{"start":{"line":48,"column":20},"end":{"line":48,"column":21}},"loc":{"start":{"line":48,"column":32},"end":{"line":67,"column":1}},"line":48},"3":{"name":"(anonymous_3)","decl":{"start":{"line":51,"column":22},"end":{"line":51,"column":23}},"loc":{"start":{"line":51,"column":34},"end":{"line":55,"column":5}},"line":51},"4":{"name":"(anonymous_4)","decl":{"start":{"line":57,"column":25},"end":{"line":57,"column":26}},"loc":{"start":{"line":57,"column":47},"end":{"line":62,"column":5}},"line":57},"5":{"name":"(anonymous_5)","decl":{"start":{"line":64,"column":28},"end":{"line":64,"column":29}},"loc":{"start":{"line":64,"column":34},"end":{"line":66,"column":5}},"line":64},"6":{"name":"(anonymous_6)","decl":{"start":{"line":80,"column":42},"end":{"line":80,"column":43}},"loc":{"start":{"line":80,"column":46},"end":{"line":81,"column":1}},"line":80},"7":{"name":"(anonymous_7)","decl":{"start":{"line":83,"column":21},"end":{"line":83,"column":22}},"loc":{"start":{"line":83,"column":27},"end":{"line":83,"column":29}},"line":83}},"branchMap":{"0":{"loc":{"start":{"line":24,"column":18},"end":{"line":24,"column":42}},"type":"binary-expr","locations":[{"start":{"line":24,"column":18},"end":{"line":24,"column":34}},{"start":{"line":24,"column":38},"end":{"line":24,"column":42}}],"line":24},"1":{"loc":{"start":{"line":25,"column":17},"end":{"line":25,"column":39}},"type":"binary-expr","locations":[{"start":{"line":25,"column":17},"end":{"line":25,"column":33}},{"start":{"line":25,"column":37},"end":{"line":25,"column":39}}],"line":25},"2":{"loc":{"start":{"line":34,"column":4},"end":{"line":38,"column":5}},"type":"if","locations":[{"start":{"line":34,"column":4},"end":{"line":38,"column":5}},{"start":{"line":36,"column":11},"end":{"line":38,"column":5}}],"line":34}},"s":{"0":1,"1":1,"2":1,"3":1,"4":1,"5":1,"6":1,"7":1,"8":0,"9":0,"10":0,"11":1,"12":0,"13":0,"14":1,"15":1,"16":0,"17":0,"18":0,"19":0,"20":0,"21":0,"22":0,"23":0,"24":0,"25":0,"26":0,"27":0,"28":1,"29":1,"30":1,"31":1,"32":1,"33":1,"34":1,"35":1,"36":1},"f":{"0":0,"1":0,"2":0,"3":0,"4":0,"5":0,"6":1,"7":1},"b":{"0":[1,1],"1":[1,1],"2":[0,0]},"_coverageSchema":"1a1c01bbd47fc00a2c39e90264f33305004495a9","hash":"897185a33056949aee89a8f442bcacf73a646009"}
,"D:\\IDE\\WebStorm 2023.2.1\\projects\\MeetHub\\middleware\\NewProfile.js": {"path":"D:\\IDE\\WebStorm 2023.2.1\\projects\\MeetHub\\middleware\\NewProfile.js","statementMap":{"0":{"start":{"line":1,"column":20},"end":{"line":10,"column":1}}},"fnMap":{},"branchMap":{},"s":{"0":1},"f":{},"b":{},"_coverageSchema":"1a1c01bbd47fc00a2c39e90264f33305004495a9","hash":"ad82e5557fd6da272740c49f03606f0d51306ba2"}
,"D:\\IDE\\WebStorm 2023.2.1\\projects\\MeetHub\\middleware\\dataIO.js": {"path":"D:\\IDE\\WebStorm 2023.2.1\\projects\\MeetHub\\middleware\\dataIO.js","statementMap":{"0":{"start":{"line":5,"column":20},"end":{"line":5,"column":24}},"1":{"start":{"line":6,"column":17},"end":{"line":6,"column":21}},"2":{"start":{"line":8,"column":0},"end":{"line":14,"column":3}},"3":{"start":{"line":9,"column":4},"end":{"line":12,"column":5}},"4":{"start":{"line":10,"column":8},"end":{"line":10,"column":51}},"5":{"start":{"line":11,"column":8},"end":{"line":11,"column":15}},"6":{"start":{"line":13,"column":4},"end":{"line":13,"column":37}},"7":{"start":{"line":16,"column":0},"end":{"line":22,"column":3}},"8":{"start":{"line":17,"column":4},"end":{"line":20,"column":5}},"9":{"start":{"line":18,"column":8},"end":{"line":18,"column":51}},"10":{"start":{"line":19,"column":8},"end":{"line":19,"column":15}},"11":{"start":{"line":21,"column":4},"end":{"line":21,"column":34}},"12":{"start":{"line":24,"column":16},"end":{"line":33,"column":2}},"13":{"start":{"line":26,"column":8},"end":{"line":26,"column":98}},"14":{"start":{"line":29,"column":29},"end":{"line":29,"column":46}},"15":{"start":{"line":30,"column":30},"end":{"line":30,"column":59}},"16":{"start":{"line":31,"column":8},"end":{"line":31,"column":60}},"17":{"start":{"line":36,"column":20},"end":{"line":36,"column":64}},"18":{"start":{"line":38,"column":4},"end":{"line":49,"column":5}},"19":{"start":{"line":39,"column":24},"end":{"line":39,"column":50}},"20":{"start":{"line":40,"column":25},"end":{"line":40,"column":52}},"21":{"start":{"line":42,"column":8},"end":{"line":48,"column":9}},"22":{"start":{"line":44,"column":12},"end":{"line":44,"column":45}},"23":{"start":{"line":47,"column":12},"end":{"line":47,"column":47}},"24":{"start":{"line":53,"column":15},"end":{"line":53,"column":34}}},"fnMap":{"0":{"name":"(anonymous_0)","decl":{"start":{"line":8,"column":37},"end":{"line":8,"column":38}},"loc":{"start":{"line":8,"column":52},"end":{"line":14,"column":1}},"line":8},"1":{"name":"(anonymous_1)","decl":{"start":{"line":16,"column":38},"end":{"line":16,"column":39}},"loc":{"start":{"line":16,"column":53},"end":{"line":22,"column":1}},"line":16},"2":{"name":"(anonymous_2)","decl":{"start":{"line":25,"column":17},"end":{"line":25,"column":18}},"loc":{"start":{"line":25,"column":42},"end":{"line":27,"column":5}},"line":25},"3":{"name":"(anonymous_3)","decl":{"start":{"line":28,"column":14},"end":{"line":28,"column":15}},"loc":{"start":{"line":28,"column":39},"end":{"line":32,"column":5}},"line":28},"4":{"name":"copyDirectory","decl":{"start":{"line":35,"column":16},"end":{"line":35,"column":29}},"loc":{"start":{"line":35,"column":41},"end":{"line":50,"column":1}},"line":35}},"branchMap":{"0":{"loc":{"start":{"line":9,"column":4},"end":{"line":12,"column":5}},"type":"if","locations":[{"start":{"line":9,"column":4},"end":{"line":12,"column":5}},{"start":{},"end":{}}],"line":9},"1":{"loc":{"start":{"line":17,"column":4},"end":{"line":20,"column":5}},"type":"if","locations":[{"start":{"line":17,"column":4},"end":{"line":20,"column":5}},{"start":{},"end":{}}],"line":17},"2":{"loc":{"start":{"line":42,"column":8},"end":{"line":48,"column":9}},"type":"if","locations":[{"start":{"line":42,"column":8},"end":{"line":48,"column":9}},{"start":{"line":45,"column":15},"end":{"line":48,"column":9}}],"line":42}},"s":{"0":1,"1":1,"2":1,"3":0,"4":0,"5":0,"6":0,"7":1,"8":0,"9":0,"10":0,"11":0,"12":1,"13":0,"14":0,"15":0,"16":0,"17":0,"18":0,"19":0,"20":0,"21":0,"22":0,"23":0,"24":1},"f":{"0":0,"1":0,"2":0,"3":0,"4":0},"b":{"0":[0,0],"1":[0,0],"2":[0,0]},"_coverageSchema":"1a1c01bbd47fc00a2c39e90264f33305004495a9","hash":"9883cb4f646410da32100e784067917b18f1ba05"}
,"D:\\IDE\\WebStorm 2023.2.1\\projects\\MeetHub\\middleware\\idGenerator.js": {"path":"D:\\IDE\\WebStorm 2023.2.1\\projects\\MeetHub\\middleware\\idGenerator.js","statementMap":{"0":{"start":{"line":3,"column":17},"end":{"line":3,"column":22}},"1":{"start":{"line":6,"column":4},"end":{"line":10,"column":5}},"2":{"start":{"line":6,"column":17},"end":{"line":6,"column":18}},"3":{"start":{"line":7,"column":8},"end":{"line":9,"column":9}},"4":{"start":{"line":8,"column":12},"end":{"line":8,"column":22}}},"fnMap":{"0":{"name":"generatorId","decl":{"start":{"line":5,"column":16},"end":{"line":5,"column":27}},"loc":{"start":{"line":5,"column":29},"end":{"line":11,"column":1}},"line":5}},"branchMap":{"0":{"loc":{"start":{"line":7,"column":8},"end":{"line":9,"column":9}},"type":"if","locations":[{"start":{"line":7,"column":8},"end":{"line":9,"column":9}},{"start":{},"end":{}}],"line":7}},"s":{"0":1,"1":0,"2":0,"3":0,"4":0},"f":{"0":0},"b":{"0":[0,0]},"_coverageSchema":"1a1c01bbd47fc00a2c39e90264f33305004495a9","hash":"240abff98fbaf1ca4118a2918a37ea5c54ab6d3a"}
,"D:\\IDE\\WebStorm 2023.2.1\\projects\\MeetHub\\middleware\\newsLayout.js": {"path":"D:\\IDE\\WebStorm 2023.2.1\\projects\\MeetHub\\middleware\\newsLayout.js","statementMap":{"0":{"start":{"line":6,"column":19},"end":{"line":6,"column":21}},"1":{"start":{"line":7,"column":4},"end":{"line":11,"column":5}},"2":{"start":{"line":8,"column":8},"end":{"line":10,"column":9}},"3":{"start":{"line":9,"column":12},"end":{"line":9,"column":58}},"4":{"start":{"line":12,"column":4},"end":{"line":14,"column":5}},"5":{"start":{"line":13,"column":8},"end":{"line":13,"column":53}},"6":{"start":{"line":15,"column":4},"end":{"line":15,"column":45}}},"fnMap":{"0":{"name":"newsLayout","decl":{"start":{"line":5,"column":16},"end":{"line":5,"column":26}},"loc":{"start":{"line":5,"column":31},"end":{"line":16,"column":1}},"line":5}},"branchMap":{},"s":{"0":0,"1":0,"2":0,"3":0,"4":0,"5":0,"6":0},"f":{"0":0},"b":{},"_coverageSchema":"1a1c01bbd47fc00a2c39e90264f33305004495a9","hash":"23ed77d266f5eb55a2feed6413dea5fc1243e167"}
,"D:\\IDE\\WebStorm 2023.2.1\\projects\\MeetHub\\middleware\\newsSotr.js": {"path":"D:\\IDE\\WebStorm 2023.2.1\\projects\\MeetHub\\middleware\\newsSotr.js","statementMap":{"0":{"start":{"line":2,"column":4},"end":{"line":6,"column":7}},"1":{"start":{"line":3,"column":22},"end":{"line":3,"column":88}},"2":{"start":{"line":4,"column":22},"end":{"line":4,"column":88}},"3":{"start":{"line":5,"column":8},"end":{"line":5,"column":29}},"4":{"start":{"line":7,"column":4},"end":{"line":7,"column":22}}},"fnMap":{"0":{"name":"sortArrayOfEntriesByDate","decl":{"start":{"line":1,"column":16},"end":{"line":1,"column":40}},"loc":{"start":{"line":1,"column":53},"end":{"line":8,"column":1}},"line":1},"1":{"name":"(anonymous_1)","decl":{"start":{"line":2,"column":20},"end":{"line":2,"column":21}},"loc":{"start":{"line":2,"column":30},"end":{"line":6,"column":5}},"line":2}},"branchMap":{},"s":{"0":0,"1":0,"2":0,"3":0,"4":0},"f":{"0":0,"1":0},"b":{},"_coverageSchema":"1a1c01bbd47fc00a2c39e90264f33305004495a9","hash":"309f78d6220ad56401f5f99380e8abf9ccb7d206"}
,"D:\\IDE\\WebStorm 2023.2.1\\projects\\MeetHub\\routes\\adminPagesRoutes.js": {"path":"D:\\IDE\\WebStorm 2023.2.1\\projects\\MeetHub\\routes\\adminPagesRoutes.js","statementMap":{"0":{"start":{"line":5,"column":15},"end":{"line":5,"column":31}},"1":{"start":{"line":8,"column":0},"end":{"line":18,"column":2}},"2":{"start":{"line":9,"column":15},"end":{"line":9,"column":28}},"3":{"start":{"line":10,"column":24},"end":{"line":10,"column":26}},"4":{"start":{"line":11,"column":4},"end":{"line":13,"column":5}},"5":{"start":{"line":12,"column":8},"end":{"line":12,"column":45}},"6":{"start":{"line":14,"column":4},"end":{"line":17,"column":6}},"7":{"start":{"line":20,"column":0},"end":{"line":24,"column":2}},"8":{"start":{"line":21,"column":4},"end":{"line":23,"column":6}},"9":{"start":{"line":26,"column":0},"end":{"line":35,"column":2}},"10":{"start":{"line":27,"column":15},"end":{"line":27,"column":28}},"11":{"start":{"line":28,"column":4},"end":{"line":34,"column":6}},"12":{"start":{"line":37,"column":0},"end":{"line":39,"column":2}},"13":{"start":{"line":38,"column":4},"end":{"line":38,"column":27}}},"fnMap":{"0":{"name":"(anonymous_0)","decl":{"start":{"line":8,"column":41},"end":{"line":8,"column":42}},"loc":{"start":{"line":8,"column":55},"end":{"line":18,"column":1}},"line":8},"1":{"name":"(anonymous_1)","decl":{"start":{"line":20,"column":38},"end":{"line":20,"column":39}},"loc":{"start":{"line":20,"column":52},"end":{"line":24,"column":1}},"line":20},"2":{"name":"(anonymous_2)","decl":{"start":{"line":26,"column":33},"end":{"line":26,"column":34}},"loc":{"start":{"line":26,"column":47},"end":{"line":35,"column":1}},"line":26},"3":{"name":"(anonymous_3)","decl":{"start":{"line":37,"column":21},"end":{"line":37,"column":22}},"loc":{"start":{"line":37,"column":35},"end":{"line":39,"column":1}},"line":37}},"branchMap":{},"s":{"0":1,"1":1,"2":0,"3":0,"4":0,"5":0,"6":0,"7":1,"8":0,"9":1,"10":0,"11":0,"12":1,"13":0},"f":{"0":0,"1":0,"2":0,"3":0},"b":{},"_coverageSchema":"1a1c01bbd47fc00a2c39e90264f33305004495a9","hash":"af18866de17c2d4e111071660889ae23745b054b"}
,"D:\\IDE\\WebStorm 2023.2.1\\projects\\MeetHub\\routes\\apiRoutes.js": {"path":"D:\\IDE\\WebStorm 2023.2.1\\projects\\MeetHub\\routes\\apiRoutes.js","statementMap":{"0":{"start":{"line":9,"column":15},"end":{"line":9,"column":31}},"1":{"start":{"line":12,"column":0},"end":{"line":18,"column":3}},"2":{"start":{"line":13,"column":4},"end":{"line":13,"column":75}},"3":{"start":{"line":14,"column":4},"end":{"line":15,"column":67}},"4":{"start":{"line":16,"column":4},"end":{"line":16,"column":78}},"5":{"start":{"line":17,"column":4},"end":{"line":17,"column":75}},"6":{"start":{"line":20,"column":0},"end":{"line":22,"column":2}},"7":{"start":{"line":21,"column":4},"end":{"line":21,"column":27}},"8":{"start":{"line":24,"column":0},"end":{"line":26,"column":2}},"9":{"start":{"line":25,"column":4},"end":{"line":25,"column":42}},"10":{"start":{"line":28,"column":0},"end":{"line":32,"column":2}},"11":{"start":{"line":29,"column":4},"end":{"line":29,"column":81}},"12":{"start":{"line":30,"column":4},"end":{"line":30,"column":78}},"13":{"start":{"line":31,"column":4},"end":{"line":31,"column":57}},"14":{"start":{"line":34,"column":0},"end":{"line":37,"column":2}},"15":{"start":{"line":35,"column":15},"end":{"line":35,"column":28}},"16":{"start":{"line":36,"column":4},"end":{"line":36,"column":40}},"17":{"start":{"line":39,"column":0},"end":{"line":52,"column":3}},"18":{"start":{"line":40,"column":22},"end":{"line":40,"column":30}},"19":{"start":{"line":41,"column":4},"end":{"line":51,"column":5}},"20":{"start":{"line":42,"column":8},"end":{"line":45,"column":11}},"21":{"start":{"line":47,"column":8},"end":{"line":50,"column":11}},"22":{"start":{"line":54,"column":0},"end":{"line":82,"column":3}},"23":{"start":{"line":55,"column":29},"end":{"line":55,"column":37}},"24":{"start":{"line":56,"column":4},"end":{"line":80,"column":5}},"25":{"start":{"line":57,"column":8},"end":{"line":59,"column":11}},"26":{"start":{"line":61,"column":22},"end":{"line":61,"column":35}},"27":{"start":{"line":62,"column":26},"end":{"line":62,"column":58}},"28":{"start":{"line":63,"column":21},"end":{"line":63,"column":70}},"29":{"start":{"line":64,"column":8},"end":{"line":69,"column":9}},"30":{"start":{"line":70,"column":8},"end":{"line":73,"column":9}},"31":{"start":{"line":74,"column":8},"end":{"line":74,"column":81}},"32":{"start":{"line":75,"column":8},"end":{"line":75,"column":79}},"33":{"start":{"line":76,"column":8},"end":{"line":79,"column":11}},"34":{"start":{"line":81,"column":4},"end":{"line":81,"column":14}}},"fnMap":{"0":{"name":"(anonymous_0)","decl":{"start":{"line":12,"column":66},"end":{"line":12,"column":67}},"loc":{"start":{"line":12,"column":80},"end":{"line":18,"column":1}},"line":12},"1":{"name":"(anonymous_1)","decl":{"start":{"line":20,"column":32},"end":{"line":20,"column":33}},"loc":{"start":{"line":20,"column":46},"end":{"line":22,"column":1}},"line":20},"2":{"name":"(anonymous_2)","decl":{"start":{"line":24,"column":31},"end":{"line":24,"column":32}},"loc":{"start":{"line":24,"column":45},"end":{"line":26,"column":1}},"line":24},"3":{"name":"(anonymous_3)","decl":{"start":{"line":28,"column":31},"end":{"line":28,"column":32}},"loc":{"start":{"line":28,"column":45},"end":{"line":32,"column":1}},"line":28},"4":{"name":"(anonymous_4)","decl":{"start":{"line":34,"column":36},"end":{"line":34,"column":37}},"loc":{"start":{"line":34,"column":50},"end":{"line":37,"column":1}},"line":34},"5":{"name":"(anonymous_5)","decl":{"start":{"line":39,"column":26},"end":{"line":39,"column":27}},"loc":{"start":{"line":39,"column":40},"end":{"line":52,"column":1}},"line":39},"6":{"name":"(anonymous_6)","decl":{"start":{"line":54,"column":32},"end":{"line":54,"column":33}},"loc":{"start":{"line":54,"column":46},"end":{"line":82,"column":1}},"line":54}},"branchMap":{"0":{"loc":{"start":{"line":41,"column":4},"end":{"line":51,"column":5}},"type":"if","locations":[{"start":{"line":41,"column":4},"end":{"line":51,"column":5}},{"start":{"line":46,"column":11},"end":{"line":51,"column":5}}],"line":41},"1":{"loc":{"start":{"line":41,"column":8},"end":{"line":41,"column":106}},"type":"binary-expr","locations":[{"start":{"line":41,"column":8},"end":{"line":41,"column":40}},{"start":{"line":41,"column":44},"end":{"line":41,"column":106}}],"line":41},"2":{"loc":{"start":{"line":56,"column":4},"end":{"line":80,"column":5}},"type":"if","locations":[{"start":{"line":56,"column":4},"end":{"line":80,"column":5}},{"start":{"line":60,"column":11},"end":{"line":80,"column":5}}],"line":56}},"s":{"0":1,"1":1,"2":0,"3":0,"4":0,"5":0,"6":1,"7":0,"8":1,"9":0,"10":1,"11":0,"12":0,"13":0,"14":1,"15":0,"16":0,"17":1,"18":0,"19":0,"20":0,"21":0,"22":1,"23":0,"24":0,"25":0,"26":0,"27":0,"28":0,"29":0,"30":0,"31":0,"32":0,"33":0,"34":0},"f":{"0":0,"1":0,"2":0,"3":0,"4":0,"5":0,"6":0},"b":{"0":[0,0],"1":[0,0],"2":[0,0]},"_coverageSchema":"1a1c01bbd47fc00a2c39e90264f33305004495a9","hash":"f541d93226f762eef8ebc0cd7ae13a6863ca4b21"}
}
